  animation.cpp
C:\Users\batch_nps7xwz\Documents\GitHub\TJE-3D\TJE_framework_2020\src\animation.cpp(191,47): warning C4244: 'argumento': conversión de 'int' a 'float'; posible pérdida de datos
C:\Users\batch_nps7xwz\Documents\GitHub\TJE-3D\TJE_framework_2020\src\animation.cpp(191,12): warning C4244: 'inicializando': conversión de 'float' a 'int'; posible pérdida de datos
C:\Users\batch_nps7xwz\Documents\GitHub\TJE-3D\TJE_framework_2020\src\animation.cpp(275,1): warning C4996: 'fopen': This function or variable may be unsafe. Consider using fopen_s instead. To disable deprecation, use _CRT_SECURE_NO_WARNINGS. See online help for details.
F:\Windows Kits\10\Include\10.0.18362.0\ucrt\stdio.h(208): message : vea la declaración de 'fopen'
C:\Users\batch_nps7xwz\Documents\GitHub\TJE-3D\TJE_framework_2020\src\animation.cpp(316,1): warning C4996: 'fopen': This function or variable may be unsafe. Consider using fopen_s instead. To disable deprecation, use _CRT_SECURE_NO_WARNINGS. See online help for details.
F:\Windows Kits\10\Include\10.0.18362.0\ucrt\stdio.h(208): message : vea la declaración de 'fopen'
C:\Users\batch_nps7xwz\Documents\GitHub\TJE-3D\TJE_framework_2020\src\animation.cpp(393,26): warning C4244: '=': conversión de '_Ty' a 'int'; posible pérdida de datos
          with
          [
              _Ty=float
          ]
C:\Users\batch_nps7xwz\Documents\GitHub\TJE-3D\TJE_framework_2020\src\animation.cpp(394,31): warning C4244: '=': conversión de '_Ty' a 'int'; posible pérdida de datos
          with
          [
              _Ty=float
          ]
C:\Users\batch_nps7xwz\Documents\GitHub\TJE-3D\TJE_framework_2020\src\animation.cpp(412,14): warning C4244: 'inicializando': conversión de 'double' a 'int'; posible pérdida de datos
C:\Users\batch_nps7xwz\Documents\GitHub\TJE-3D\TJE_framework_2020\src\animation.cpp(417,21): warning C4244: 'inicializando': conversión de 'double' a 'int'; posible pérdida de datos
C:\Users\batch_nps7xwz\Documents\GitHub\TJE-3D\TJE_framework_2020\src\animation.cpp(433,36): warning C4244: '=': conversión de '_Ty' a 'int8'; posible pérdida de datos
          with
          [
              _Ty=float
          ]
C:\Users\batch_nps7xwz\Documents\GitHub\TJE-3D\TJE_framework_2020\src\animation.cpp(374,1): warning C4996: 'fopen': This function or variable may be unsafe. Consider using fopen_s instead. To disable deprecation, use _CRT_SECURE_NO_WARNINGS. See online help for details.
F:\Windows Kits\10\Include\10.0.18362.0\ucrt\stdio.h(208): message : vea la declaración de 'fopen'
  camera.cpp
  EntityGameObject.cpp
C:\Users\batch_nps7xwz\Documents\GitHub\TJE-3D\TJE_framework_2020\src\EntityGameObject.cpp(12,37): warning C4305: 'argumento': truncamiento de 'double' a 'float'
  EntityLight.cpp
  EntityMesh.cpp
C:\Users\batch_nps7xwz\Documents\GitHub\TJE-3D\TJE_framework_2020\src\EntityMesh.cpp(12,37): warning C4305: 'argumento': truncamiento de 'double' a 'float'
C:\Users\batch_nps7xwz\Documents\GitHub\TJE-3D\TJE_framework_2020\src\EntityMesh.cpp(20,10): error C2065: 'scale': identificador no declarado
C:\Users\batch_nps7xwz\Documents\GitHub\TJE-3D\TJE_framework_2020\src\EntityMesh.cpp(20,17): error C2065: 'scale': identificador no declarado
C:\Users\batch_nps7xwz\Documents\GitHub\TJE-3D\TJE_framework_2020\src\EntityMesh.cpp(20,24): error C2065: 'scale': identificador no declarado
  Entity.cpp
  box.cpp
  box_bld.cpp
C:\Users\batch_nps7xwz\Documents\GitHub\TJE-3D\TJE_framework_2020\src\extra\coldet\box_bld.cpp(134,21): warning C4018: '<': no coinciden signed/unsigned
  coldet.cpp
C:\Users\batch_nps7xwz\Documents\GitHub\TJE-3D\TJE_framework_2020\src\extra\coldet\coldet.cpp(374,10): warning C4244: 'inicializando': conversión de 'double' a 'float'; posible pérdida de datos
  coldet_bld.cpp
  math3d.cpp
  mytritri.cpp
  sysdep.cpp
  picopng.cpp
  textparser.cpp
  fbo.cpp
  framework.cpp
C:\Users\batch_nps7xwz\Documents\GitHub\TJE-3D\TJE_framework_2020\src\framework.cpp(46,1): warning C4996: 'strncpy': This function or variable may be unsafe. Consider using strncpy_s instead. To disable deprecation, use _CRT_SECURE_NO_WARNINGS. See online help for details.
F:\Windows Kits\10\Include\10.0.18362.0\ucrt\string.h(338): message : vea la declaración de 'strncpy'
C:\Users\batch_nps7xwz\Documents\GitHub\TJE-3D\TJE_framework_2020\src\framework.cpp(148,1): warning C4996: 'strncpy': This function or variable may be unsafe. Consider using strncpy_s instead. To disable deprecation, use _CRT_SECURE_NO_WARNINGS. See online help for details.
F:\Windows Kits\10\Include\10.0.18362.0\ucrt\string.h(338): message : vea la declaración de 'strncpy'
C:\Users\batch_nps7xwz\Documents\GitHub\TJE-3D\TJE_framework_2020\src\framework.cpp(1201,32): warning C4244: 'argumento': conversión de 'double' a 'float'; posible pérdida de datos
  game.cpp
  GameMap.cpp
C:\Users\batch_nps7xwz\Documents\GitHub\TJE-3D\TJE_framework_2020\src\GameMap.cpp(7,1): warning C4996: 'fopen': This function or variable may be unsafe. Consider using fopen_s instead. To disable deprecation, use _CRT_SECURE_NO_WARNINGS. See online help for details.
F:\Windows Kits\10\Include\10.0.18362.0\ucrt\stdio.h(208): message : vea la declaración de 'fopen'
C:\Users\batch_nps7xwz\Documents\GitHub\TJE-3D\TJE_framework_2020\src\GameMap.cpp(111,60): warning C4244: 'argumento': conversión de 'float' a 'int'; posible pérdida de datos
C:\Users\batch_nps7xwz\Documents\GitHub\TJE-3D\TJE_framework_2020\src\GameMap.cpp(111,35): warning C4244: 'argumento': conversión de 'float' a 'int'; posible pérdida de datos
C:\Users\batch_nps7xwz\Documents\GitHub\TJE-3D\TJE_framework_2020\src\GameMap.cpp(112,66): warning C4244: 'argumento': conversión de 'float' a 'int'; posible pérdida de datos
C:\Users\batch_nps7xwz\Documents\GitHub\TJE-3D\TJE_framework_2020\src\GameMap.cpp(112,36): warning C4244: 'argumento': conversión de 'float' a 'int'; posible pérdida de datos
C:\Users\batch_nps7xwz\Documents\GitHub\TJE-3D\TJE_framework_2020\src\GameMap.cpp(113,63): warning C4244: 'argumento': conversión de 'float' a 'int'; posible pérdida de datos
C:\Users\batch_nps7xwz\Documents\GitHub\TJE-3D\TJE_framework_2020\src\GameMap.cpp(113,37): warning C4244: 'argumento': conversión de 'float' a 'int'; posible pérdida de datos
C:\Users\batch_nps7xwz\Documents\GitHub\TJE-3D\TJE_framework_2020\src\GameMap.cpp(114,69): warning C4244: 'argumento': conversión de 'float' a 'int'; posible pérdida de datos
C:\Users\batch_nps7xwz\Documents\GitHub\TJE-3D\TJE_framework_2020\src\GameMap.cpp(114,38): warning C4244: 'argumento': conversión de 'float' a 'int'; posible pérdida de datos
  input.cpp
C:\Users\batch_nps7xwz\Documents\GitHub\TJE-3D\TJE_framework_2020\src\input.cpp(138,24): warning C4244: '=': conversión de 'float' a 'char'; posible pérdida de datos
C:\Users\batch_nps7xwz\Documents\GitHub\TJE-3D\TJE_framework_2020\src\input.cpp(146,19): warning C4305: 'inicializando': truncamiento de 'double' a 'float'
  Generando código...
  Compilando...
  light.cpp
  main.cpp
C:\Users\batch_nps7xwz\Documents\GitHub\TJE-3D\TJE_framework_2020\src\main.cpp(118,46): warning C4244: '=': conversión de 'Sint32' a 'float'; posible pérdida de datos
C:\Users\batch_nps7xwz\Documents\GitHub\TJE-3D\TJE_framework_2020\src\main.cpp(152,24): warning C4244: '=': conversión de 'double' a 'float'; posible pérdida de datos
  material.cpp
  mesh.cpp
C:\Users\batch_nps7xwz\Documents\GitHub\TJE-3D\TJE_framework_2020\src\mesh.cpp(669,1): warning C4996: 'fopen': This function or variable may be unsafe. Consider using fopen_s instead. To disable deprecation, use _CRT_SECURE_NO_WARNINGS. See online help for details.
F:\Windows Kits\10\Include\10.0.18362.0\ucrt\stdio.h(208): message : vea la declaración de 'fopen'
C:\Users\batch_nps7xwz\Documents\GitHub\TJE-3D\TJE_framework_2020\src\mesh.cpp(789,1): warning C4996: 'fopen': This function or variable may be unsafe. Consider using fopen_s instead. To disable deprecation, use _CRT_SECURE_NO_WARNINGS. See online help for details.
F:\Windows Kits\10\Include\10.0.18362.0\ucrt\stdio.h(208): message : vea la declaración de 'fopen'
C:\Users\batch_nps7xwz\Documents\GitHub\TJE-3D\TJE_framework_2020\src\mesh.cpp(986,1): warning C4996: 'fopen': This function or variable may be unsafe. Consider using fopen_s instead. To disable deprecation, use _CRT_SECURE_NO_WARNINGS. See online help for details.
F:\Windows Kits\10\Include\10.0.18362.0\ucrt\stdio.h(208): message : vea la declaración de 'fopen'
C:\Users\batch_nps7xwz\Documents\GitHub\TJE-3D\TJE_framework_2020\src\mesh.cpp(1166,27): warning C4244: 'argumento': conversión de 'double' a 'const unsigned int'; posible pérdida de datos
C:\Users\batch_nps7xwz\Documents\GitHub\TJE-3D\TJE_framework_2020\src\mesh.cpp(1167,23): warning C4018: '<': no coinciden signed/unsigned
C:\Users\batch_nps7xwz\Documents\GitHub\TJE-3D\TJE_framework_2020\src\mesh.cpp(1115,1): warning C4996: 'fopen': This function or variable may be unsafe. Consider using fopen_s instead. To disable deprecation, use _CRT_SECURE_NO_WARNINGS. See online help for details.
F:\Windows Kits\10\Include\10.0.18362.0\ucrt\stdio.h(208): message : vea la declaración de 'fopen'
C:\Users\batch_nps7xwz\Documents\GitHub\TJE-3D\TJE_framework_2020\src\mesh.cpp(1303,40): warning C4244: 'argumento': conversión de 'double' a 'float'; posible pérdida de datos
C:\Users\batch_nps7xwz\Documents\GitHub\TJE-3D\TJE_framework_2020\src\mesh.cpp(1303,25): warning C4244: 'argumento': conversión de 'double' a 'float'; posible pérdida de datos
C:\Users\batch_nps7xwz\Documents\GitHub\TJE-3D\TJE_framework_2020\src\mesh.cpp(1305,44): warning C4244: 'argumento': conversión de 'double' a 'float'; posible pérdida de datos
C:\Users\batch_nps7xwz\Documents\GitHub\TJE-3D\TJE_framework_2020\src\mesh.cpp(1305,31): warning C4244: 'argumento': conversión de 'double' a 'float'; posible pérdida de datos
C:\Users\batch_nps7xwz\Documents\GitHub\TJE-3D\TJE_framework_2020\src\mesh.cpp(1306,31): warning C4244: 'argumento': conversión de 'double' a 'float'; posible pérdida de datos
C:\Users\batch_nps7xwz\Documents\GitHub\TJE-3D\TJE_framework_2020\src\mesh.cpp(1313,44): warning C4244: 'argumento': conversión de 'double' a 'float'; posible pérdida de datos
C:\Users\batch_nps7xwz\Documents\GitHub\TJE-3D\TJE_framework_2020\src\mesh.cpp(1313,31): warning C4244: 'argumento': conversión de 'double' a 'float'; posible pérdida de datos
C:\Users\batch_nps7xwz\Documents\GitHub\TJE-3D\TJE_framework_2020\src\mesh.cpp(1315,43): warning C4244: 'argumento': conversión de 'double' a 'float'; posible pérdida de datos
C:\Users\batch_nps7xwz\Documents\GitHub\TJE-3D\TJE_framework_2020\src\mesh.cpp(1328,30): warning C4244: '=': conversión de 'double' a 'float'; posible pérdida de datos
C:\Users\batch_nps7xwz\Documents\GitHub\TJE-3D\TJE_framework_2020\src\mesh.cpp(1351,30): warning C4244: '=': conversión de 'double' a 'float'; posible pérdida de datos
  rendertotexture.cpp
  Scene.cpp
  shader.cpp
C:\Users\batch_nps7xwz\Documents\GitHub\TJE-3D\TJE_framework_2020\src\shader.cpp(170,20): warning C4018: '<': no coinciden signed/unsigned
C:\Users\batch_nps7xwz\Documents\GitHub\TJE-3D\TJE_framework_2020\src\shader.cpp(209,20): warning C4018: '<': no coinciden signed/unsigned
  Stage.cpp
  StagePlay.cpp
C:\Users\batch_nps7xwz\Documents\GitHub\TJE-3D\TJE_framework_2020\src\Scene.h(25,21): warning C4018: '<': no coinciden signed/unsigned
C:\Users\batch_nps7xwz\Documents\GitHub\TJE-3D\TJE_framework_2020\src\StagePlay.cpp(110,31): warning C4305: 'argumento': truncamiento de 'double' a 'float'
C:\Users\batch_nps7xwz\Documents\GitHub\TJE-3D\TJE_framework_2020\src\StagePlay.cpp(313,124): warning C4244: 'argumento': conversión de 'double' a 'float'; posible pérdida de datos
C:\Users\batch_nps7xwz\Documents\GitHub\TJE-3D\TJE_framework_2020\src\StagePlay.cpp(314,127): warning C4244: 'argumento': conversión de 'double' a 'float'; posible pérdida de datos
C:\Users\batch_nps7xwz\Documents\GitHub\TJE-3D\TJE_framework_2020\src\StagePlay.cpp(315,127): warning C4244: 'argumento': conversión de 'double' a 'float'; posible pérdida de datos
C:\Users\batch_nps7xwz\Documents\GitHub\TJE-3D\TJE_framework_2020\src\StagePlay.cpp(316,127): warning C4244: 'argumento': conversión de 'double' a 'float'; posible pérdida de datos
C:\Users\batch_nps7xwz\Documents\GitHub\TJE-3D\TJE_framework_2020\src\StagePlay.cpp(317,84): warning C4244: 'argumento': conversión de 'double' a 'float'; posible pérdida de datos
C:\Users\batch_nps7xwz\Documents\GitHub\TJE-3D\TJE_framework_2020\src\StagePlay.cpp(318,85): warning C4244: 'argumento': conversión de 'double' a 'float'; posible pérdida de datos
C:\Users\batch_nps7xwz\Documents\GitHub\TJE-3D\TJE_framework_2020\src\StagePlay.cpp(339,47): warning C4244: 'argumento': conversión de 'double' a 'float'; posible pérdida de datos
C:\Users\batch_nps7xwz\Documents\GitHub\TJE-3D\TJE_framework_2020\src\StagePlay.cpp(343,52): warning C4244: 'argumento': conversión de 'double' a 'float'; posible pérdida de datos
C:\Users\batch_nps7xwz\Documents\GitHub\TJE-3D\TJE_framework_2020\src\StagePlay.cpp(344,51): warning C4244: 'argumento': conversión de 'double' a 'float'; posible pérdida de datos
  texture.cpp
C:\Program Files (x86)\Microsoft Visual Studio\2019\Community\VC\Tools\MSVC\14.24.28314\include\xtgmath.h(24,51): warning C4244: 'argumento': conversión de 'unsigned int' a 'float'; posible pérdida de datos
C:\Users\batch_nps7xwz\Documents\GitHub\TJE-3D\TJE_framework_2020\src\texture.cpp(15,9): warning C4244: 'inicializando': conversión de 'double' a 'int'; posible pérdida de datos
C:\Users\batch_nps7xwz\Documents\GitHub\TJE-3D\TJE_framework_2020\src\texture.cpp(16,56): warning C4244: 'argumento': conversión de 'unsigned int' a 'float'; posible pérdida de datos
C:\Users\batch_nps7xwz\Documents\GitHub\TJE-3D\TJE_framework_2020\src\texture.cpp(16,9): warning C4244: 'inicializando': conversión de 'double' a 'int'; posible pérdida de datos
C:\Users\batch_nps7xwz\Documents\GitHub\TJE-3D\TJE_framework_2020\src\texture.cpp(21,15): warning C4018: '<': no coinciden signed/unsigned
C:\Users\batch_nps7xwz\Documents\GitHub\TJE-3D\TJE_framework_2020\src\texture.cpp(22,15): warning C4018: '<': no coinciden signed/unsigned
C:\Users\batch_nps7xwz\Documents\GitHub\TJE-3D\TJE_framework_2020\src\texture.cpp(29,55): warning C4244: 'argumento': conversión de 'unsigned int' a 'float'; posible pérdida de datos
C:\Users\batch_nps7xwz\Documents\GitHub\TJE-3D\TJE_framework_2020\src\texture.cpp(29,9): warning C4244: 'inicializando': conversión de 'double' a 'int'; posible pérdida de datos
C:\Users\batch_nps7xwz\Documents\GitHub\TJE-3D\TJE_framework_2020\src\texture.cpp(30,57): warning C4244: 'argumento': conversión de 'unsigned int' a 'float'; posible pérdida de datos
C:\Users\batch_nps7xwz\Documents\GitHub\TJE-3D\TJE_framework_2020\src\texture.cpp(30,9): warning C4244: 'inicializando': conversión de 'double' a 'int'; posible pérdida de datos
C:\Users\batch_nps7xwz\Documents\GitHub\TJE-3D\TJE_framework_2020\src\texture.cpp(35,15): warning C4018: '<': no coinciden signed/unsigned
C:\Users\batch_nps7xwz\Documents\GitHub\TJE-3D\TJE_framework_2020\src\texture.cpp(36,15): warning C4018: '<': no coinciden signed/unsigned
C:\Users\batch_nps7xwz\Documents\GitHub\TJE-3D\TJE_framework_2020\src\texture.cpp(365,18): warning C4244: '=': conversión de 'float' a 'unsigned int'; posible pérdida de datos
C:\Users\batch_nps7xwz\Documents\GitHub\TJE-3D\TJE_framework_2020\src\texture.cpp(366,19): warning C4244: '=': conversión de 'float' a 'unsigned int'; posible pérdida de datos
C:\Users\batch_nps7xwz\Documents\GitHub\TJE-3D\TJE_framework_2020\src\texture.cpp(383,1): warning C4996: 'fopen': This function or variable may be unsafe. Consider using fopen_s instead. To disable deprecation, use _CRT_SECURE_NO_WARNINGS. See online help for details.
F:\Windows Kits\10\Include\10.0.18362.0\ucrt\stdio.h(208): message : vea la declaración de 'fopen'
C:\Users\batch_nps7xwz\Documents\GitHub\TJE-3D\TJE_framework_2020\src\texture.cpp(496,1): warning C4996: 'fopen': This function or variable may be unsafe. Consider using fopen_s instead. To disable deprecation, use _CRT_SECURE_NO_WARNINGS. See online help for details.
F:\Windows Kits\10\Include\10.0.18362.0\ucrt\stdio.h(208): message : vea la declaración de 'fopen'
  utils.cpp
C:\Users\batch_nps7xwz\Documents\GitHub\TJE-3D\TJE_framework_2020\src\utils.cpp(83,1): warning C4996: 'fopen': This function or variable may be unsafe. Consider using fopen_s instead. To disable deprecation, use _CRT_SECURE_NO_WARNINGS. See online help for details.
F:\Windows Kits\10\Include\10.0.18362.0\ucrt\stdio.h(208): message : vea la declaración de 'fopen'
C:\Users\batch_nps7xwz\Documents\GitHub\TJE-3D\TJE_framework_2020\src\utils.cpp(138,20): warning C4018: '<': no coinciden signed/unsigned
C:\Users\batch_nps7xwz\Documents\GitHub\TJE-3D\TJE_framework_2020\src\utils.cpp(139,26): warning C4018: '<': no coinciden signed/unsigned
C:\Users\batch_nps7xwz\Documents\GitHub\TJE-3D\TJE_framework_2020\src\utils.cpp(287,51): warning C4244: 'argumento': conversión de 'double' a 'float'; posible pérdida de datos
C:\Users\batch_nps7xwz\Documents\GitHub\TJE-3D\TJE_framework_2020\src\utils.cpp(288,63): warning C4305: 'argumento': truncamiento de 'double' a 'float'
C:\Users\batch_nps7xwz\Documents\GitHub\TJE-3D\TJE_framework_2020\src\utils.cpp(313,10): warning C4244: '=': conversión de 'double' a 'float'; posible pérdida de datos
C:\Users\batch_nps7xwz\Documents\GitHub\TJE-3D\TJE_framework_2020\src\utils.cpp(323,16): warning C4244: '=': conversión de 'double' a 'float'; posible pérdida de datos
C:\Users\batch_nps7xwz\Documents\GitHub\TJE-3D\TJE_framework_2020\src\utils.cpp(345,11): warning C4244: 'inicializando': conversión de 'double' a 'float'; posible pérdida de datos
C:\Users\batch_nps7xwz\Documents\GitHub\TJE-3D\TJE_framework_2020\src\utils.cpp(347,17): warning C4244: 'argumento': conversión de 'float' a 'const unsigned int'; posible pérdida de datos
C:\Users\batch_nps7xwz\Documents\GitHub\TJE-3D\TJE_framework_2020\src\utils.cpp(360,12): warning C4244: 'inicializando': conversión de 'double' a 'float'; posible pérdida de datos
C:\Users\batch_nps7xwz\Documents\GitHub\TJE-3D\TJE_framework_2020\src\utils.cpp(369,14): warning C4018: '>=': no coinciden signed/unsigned
C:\Users\batch_nps7xwz\Documents\GitHub\TJE-3D\TJE_framework_2020\src\utils.cpp(409,20): warning C4018: '<': no coinciden signed/unsigned
C:\Users\batch_nps7xwz\Documents\GitHub\TJE-3D\TJE_framework_2020\src\utils.cpp(410,59): warning C4244: 'argumento': conversión de '_Ty' a 'unsigned int'; posible pérdida de datos
          with
          [
              _Ty=float
          ]
C:\Users\batch_nps7xwz\Documents\GitHub\TJE-3D\TJE_framework_2020\src\utils.cpp(410,44): warning C4244: 'argumento': conversión de '_Ty' a 'unsigned int'; posible pérdida de datos
          with
          [
              _Ty=float
          ]
C:\Users\batch_nps7xwz\Documents\GitHub\TJE-3D\TJE_framework_2020\src\utils.cpp(410,29): warning C4244: 'argumento': conversión de '_Ty' a 'unsigned int'; posible pérdida de datos
          with
          [
              _Ty=float
          ]
C:\Users\batch_nps7xwz\Documents\GitHub\TJE-3D\TJE_framework_2020\src\utils.cpp(420,20): warning C4018: '<': no coinciden signed/unsigned
C:\Users\batch_nps7xwz\Documents\GitHub\TJE-3D\TJE_framework_2020\src\utils.cpp(421,74): warning C4244: 'argumento': conversión de '_Ty' a 'uint8'; posible pérdida de datos
          with
          [
              _Ty=float
          ]
C:\Users\batch_nps7xwz\Documents\GitHub\TJE-3D\TJE_framework_2020\src\utils.cpp(421,59): warning C4244: 'argumento': conversión de '_Ty' a 'uint8'; posible pérdida de datos
          with
          [
              _Ty=float
          ]
C:\Users\batch_nps7xwz\Documents\GitHub\TJE-3D\TJE_framework_2020\src\utils.cpp(421,44): warning C4244: 'argumento': conversión de '_Ty' a 'uint8'; posible pérdida de datos
          with
          [
              _Ty=float
          ]
C:\Users\batch_nps7xwz\Documents\GitHub\TJE-3D\TJE_framework_2020\src\utils.cpp(421,29): warning C4244: 'argumento': conversión de '_Ty' a 'uint8'; posible pérdida de datos
          with
          [
              _Ty=float
          ]
  Generando código...
