c:\users\batch_nps7xwz\documents\github\tje-3d\tje_framework_2020\visualstudio\vs2015\release\vc142.pdb
c:\users\batch_nps7xwz\documents\github\tje-3d\tje_framework_2020\visualstudio\vs2015\release\mytritri.obj
c:\users\batch_nps7xwz\documents\github\tje-3d\tje_framework_2020\visualstudio\vs2015\release\math3d.obj
c:\users\batch_nps7xwz\documents\github\tje-3d\tje_framework_2020\visualstudio\vs2015\release\coldet_bld.obj
c:\users\batch_nps7xwz\documents\github\tje-3d\tje_framework_2020\visualstudio\vs2015\release\coldet.obj
c:\users\batch_nps7xwz\documents\github\tje-3d\tje_framework_2020\visualstudio\vs2015\release\box_bld.obj
c:\users\batch_nps7xwz\documents\github\tje-3d\tje_framework_2020\visualstudio\vs2015\release\box.obj
c:\users\batch_nps7xwz\documents\github\tje-3d\tje_framework_2020\visualstudio\vs2015\release\entitytorrearreglo.obj
c:\users\batch_nps7xwz\documents\github\tje-3d\tje_framework_2020\visualstudio\vs2015\release\entity.obj
c:\users\batch_nps7xwz\documents\github\tje-3d\tje_framework_2020\visualstudio\vs2015\release\entitymesh.obj
c:\users\batch_nps7xwz\documents\github\tje-3d\tje_framework_2020\visualstudio\vs2015\release\entitylight.obj
c:\users\batch_nps7xwz\documents\github\tje-3d\tje_framework_2020\visualstudio\vs2015\release\entityimpactodisparo.obj
c:\users\batch_nps7xwz\documents\github\tje-3d\tje_framework_2020\visualstudio\vs2015\release\entitygranade.obj
c:\users\batch_nps7xwz\documents\github\tje-3d\tje_framework_2020\visualstudio\vs2015\release\entitygameobject.obj
c:\users\batch_nps7xwz\documents\github\tje-3d\tje_framework_2020\visualstudio\vs2015\release\entityenemy.obj
c:\users\batch_nps7xwz\documents\github\tje-3d\tje_framework_2020\visualstudio\vs2015\release\entitydisparo.obj
c:\users\batch_nps7xwz\documents\github\tje-3d\tje_framework_2020\visualstudio\vs2015\release\entitycajasloot.obj
c:\users\batch_nps7xwz\documents\github\tje-3d\tje_framework_2020\visualstudio\vs2015\release\camera.obj
c:\users\batch_nps7xwz\documents\github\tje-3d\tje_framework_2020\visualstudio\vs2015\release\audiobass.obj
c:\users\batch_nps7xwz\documents\github\tje-3d\tje_framework_2020\visualstudio\vs2015\release\astar.obj
c:\users\batch_nps7xwz\documents\github\tje-3d\tje_framework_2020\visualstudio\vs2015\release\animation.obj
c:\users\batch_nps7xwz\documents\github\tje-3d\tje_framework_2020\visualstudio\vs2015\release\stage.obj
c:\users\batch_nps7xwz\documents\github\tje-3d\tje_framework_2020\visualstudio\vs2015\release\shader.obj
c:\users\batch_nps7xwz\documents\github\tje-3d\tje_framework_2020\visualstudio\vs2015\release\scene.obj
c:\users\batch_nps7xwz\documents\github\tje-3d\tje_framework_2020\visualstudio\vs2015\release\rendertotexture.obj
c:\users\batch_nps7xwz\documents\github\tje-3d\tje_framework_2020\visualstudio\vs2015\release\pathfinders.obj
c:\users\batch_nps7xwz\documents\github\tje-3d\tje_framework_2020\visualstudio\vs2015\release\entityplayer.obj
c:\users\batch_nps7xwz\documents\github\tje-3d\tje_framework_2020\visualstudio\vs2015\release\mesh.obj
c:\users\batch_nps7xwz\documents\github\tje-3d\tje_framework_2020\visualstudio\vs2015\release\material.obj
c:\users\batch_nps7xwz\documents\github\tje-3d\tje_framework_2020\visualstudio\vs2015\release\main.obj
c:\users\batch_nps7xwz\documents\github\tje-3d\tje_framework_2020\visualstudio\vs2015\release\light.obj
c:\users\batch_nps7xwz\documents\github\tje-3d\tje_framework_2020\visualstudio\vs2015\release\inventario.obj
c:\users\batch_nps7xwz\documents\github\tje-3d\tje_framework_2020\visualstudio\vs2015\release\input.obj
c:\users\batch_nps7xwz\documents\github\tje-3d\tje_framework_2020\visualstudio\vs2015\release\impactshoot.obj
c:\users\batch_nps7xwz\documents\github\tje-3d\tje_framework_2020\visualstudio\vs2015\release\gamemap.obj
c:\users\batch_nps7xwz\documents\github\tje-3d\tje_framework_2020\visualstudio\vs2015\release\game.obj
c:\users\batch_nps7xwz\documents\github\tje-3d\tje_framework_2020\visualstudio\vs2015\release\framework.obj
c:\users\batch_nps7xwz\documents\github\tje-3d\tje_framework_2020\visualstudio\vs2015\release\fbo.obj
c:\users\batch_nps7xwz\documents\github\tje-3d\tje_framework_2020\visualstudio\vs2015\release\textparser.obj
c:\users\batch_nps7xwz\documents\github\tje-3d\tje_framework_2020\visualstudio\vs2015\release\picopng.obj
c:\users\batch_nps7xwz\documents\github\tje-3d\tje_framework_2020\visualstudio\vs2015\release\sysdep.obj
c:\users\batch_nps7xwz\documents\github\tje-3d\tje_framework_2020\visualstudio\vs2015\release\utils.obj
c:\users\batch_nps7xwz\documents\github\tje-3d\tje_framework_2020\visualstudio\vs2015\release\texture.obj
c:\users\batch_nps7xwz\documents\github\tje-3d\tje_framework_2020\visualstudio\vs2015\release\stageshop.obj
c:\users\batch_nps7xwz\documents\github\tje-3d\tje_framework_2020\visualstudio\vs2015\release\stagesaveload.obj
c:\users\batch_nps7xwz\documents\github\tje-3d\tje_framework_2020\visualstudio\vs2015\release\stageplay.obj
c:\users\batch_nps7xwz\documents\github\tje-3d\tje_framework_2020\visualstudio\vs2015\release\stagemenuingame.obj
c:\users\batch_nps7xwz\documents\github\tje-3d\tje_framework_2020\visualstudio\vs2015\release\stagemenu.obj
c:\users\batch_nps7xwz\documents\github\tje-3d\tje_framework_2020\visualstudio\vs2015\release\stagelvl.obj
c:\users\batch_nps7xwz\documents\github\tje-3d\tje_framework_2020\visualstudio\vs2015\release\stageendlvl.obj
c:\users\batch_nps7xwz\documents\github\tje-3d\tje_framework_2020\visualstudio\vs2015\release\stageeditor.obj
c:\users\batch_nps7xwz\documents\github\tje-3d\tje_framework_2020\visualstudio\vs2015\release\tritri.obj
c:\users\batch_nps7xwz\documents\github\tje-3d\tje_framework_2020\game.ipdb
c:\users\batch_nps7xwz\documents\github\tje-3d\tje_framework_2020\game.iobj
c:\users\batch_nps7xwz\documents\github\tje-3d\tje_framework_2020\game.exe
c:\users\batch_nps7xwz\documents\github\tje-3d\tje_framework_2020\game.pdb
c:\users\batch_nps7xwz\documents\github\tje-3d\tje_framework_2020\visualstudio\vs2015\..\..\game.exe
c:\users\batch_nps7xwz\documents\github\tje-3d\tje_framework_2020\visualstudio\vs2015\release\game.tlog\cl.command.1.tlog
c:\users\batch_nps7xwz\documents\github\tje-3d\tje_framework_2020\visualstudio\vs2015\release\game.tlog\cl.read.1.tlog
c:\users\batch_nps7xwz\documents\github\tje-3d\tje_framework_2020\visualstudio\vs2015\release\game.tlog\cl.write.1.tlog
c:\users\batch_nps7xwz\documents\github\tje-3d\tje_framework_2020\visualstudio\vs2015\release\game.tlog\game.write.1u.tlog
c:\users\batch_nps7xwz\documents\github\tje-3d\tje_framework_2020\visualstudio\vs2015\release\game.tlog\link.command.1.tlog
c:\users\batch_nps7xwz\documents\github\tje-3d\tje_framework_2020\visualstudio\vs2015\release\game.tlog\link.delete.1.tlog
c:\users\batch_nps7xwz\documents\github\tje-3d\tje_framework_2020\visualstudio\vs2015\release\game.tlog\link.read.1.tlog
c:\users\batch_nps7xwz\documents\github\tje-3d\tje_framework_2020\visualstudio\vs2015\release\game.tlog\link.write.1.tlog
