  EntityEnemy.cpp
C:\Users\batch_nps7xwz\Documents\GitHub\TJE-3D\TJE_framework_2020\src\EntityEnemy.h(52,30): warning C4305: 'inicializando': truncamiento de 'double' a 'float'
C:\Users\batch_nps7xwz\Documents\GitHub\TJE-3D\TJE_framework_2020\src\EntityDisparo.h(27,1): warning C4305: '=': truncamiento de 'double' a 'float'
C:\Users\batch_nps7xwz\Documents\GitHub\TJE-3D\TJE_framework_2020\src\EntityEnemy.cpp(78,37): warning C4305: 'argumento': truncamiento de 'double' a 'float'
C:\Users\batch_nps7xwz\Documents\GitHub\TJE-3D\TJE_framework_2020\src\EntityEnemy.cpp(158,18): warning C4018: '<': no coinciden signed/unsigned
C:\Users\batch_nps7xwz\Documents\GitHub\TJE-3D\TJE_framework_2020\src\EntityEnemy.cpp(169,62): warning C4305: 'argumento': truncamiento de 'double' a 'float'
C:\Users\batch_nps7xwz\Documents\GitHub\TJE-3D\TJE_framework_2020\src\EntityEnemy.cpp(180,20): warning C4018: '<': no coinciden signed/unsigned
C:\Users\batch_nps7xwz\Documents\GitHub\TJE-3D\TJE_framework_2020\src\EntityEnemy.cpp(342,58): warning C4244: 'argumento': conversión de 'int' a 'float'; posible pérdida de datos
C:\Users\batch_nps7xwz\Documents\GitHub\TJE-3D\TJE_framework_2020\src\EntityEnemy.cpp(342,39): warning C4244: 'argumento': conversión de 'int' a 'float'; posible pérdida de datos
C:\Users\batch_nps7xwz\Documents\GitHub\TJE-3D\TJE_framework_2020\src\EntityEnemy.cpp(357,65): warning C4305: 'argumento': truncamiento de 'double' a 'float'
C:\Users\batch_nps7xwz\Documents\GitHub\TJE-3D\TJE_framework_2020\src\EntityEnemy.cpp(369,59): warning C4244: 'argumento': conversión de 'int' a 'float'; posible pérdida de datos
C:\Users\batch_nps7xwz\Documents\GitHub\TJE-3D\TJE_framework_2020\src\EntityEnemy.cpp(369,40): warning C4244: 'argumento': conversión de 'int' a 'float'; posible pérdida de datos
C:\Users\batch_nps7xwz\Documents\GitHub\TJE-3D\TJE_framework_2020\src\EntityEnemy.cpp(385,18): warning C4018: '<': no coinciden signed/unsigned
C:\Users\batch_nps7xwz\Documents\GitHub\TJE-3D\TJE_framework_2020\src\EntityEnemy.cpp(478,41): warning C4244: 'argumento': conversión de 'double' a 'float'; posible pérdida de datos
C:\Users\batch_nps7xwz\Documents\GitHub\TJE-3D\TJE_framework_2020\src\EntityEnemy.cpp(508,41): warning C4244: 'argumento': conversión de 'double' a 'float'; posible pérdida de datos
C:\Users\batch_nps7xwz\Documents\GitHub\TJE-3D\TJE_framework_2020\src\EntityEnemy.cpp(562,64): warning C4244: 'argumento': conversión de 'int' a 'float'; posible pérdida de datos
C:\Users\batch_nps7xwz\Documents\GitHub\TJE-3D\TJE_framework_2020\src\EntityEnemy.cpp(562,45): warning C4244: 'argumento': conversión de 'int' a 'float'; posible pérdida de datos
C:\Users\batch_nps7xwz\Documents\GitHub\TJE-3D\TJE_framework_2020\src\EntityEnemy.cpp(572,64): warning C4244: 'argumento': conversión de 'int' a 'float'; posible pérdida de datos
C:\Users\batch_nps7xwz\Documents\GitHub\TJE-3D\TJE_framework_2020\src\EntityEnemy.cpp(572,45): warning C4244: 'argumento': conversión de 'int' a 'float'; posible pérdida de datos
C:\Users\batch_nps7xwz\Documents\GitHub\TJE-3D\TJE_framework_2020\src\EntityEnemy.cpp(583,65): warning C4305: 'argumento': truncamiento de 'double' a 'float'
C:\Users\batch_nps7xwz\Documents\GitHub\TJE-3D\TJE_framework_2020\src\EntityEnemy.cpp(595,59): warning C4244: 'argumento': conversión de 'int' a 'float'; posible pérdida de datos
C:\Users\batch_nps7xwz\Documents\GitHub\TJE-3D\TJE_framework_2020\src\EntityEnemy.cpp(595,40): warning C4244: 'argumento': conversión de 'int' a 'float'; posible pérdida de datos
C:\Users\batch_nps7xwz\Documents\GitHub\TJE-3D\TJE_framework_2020\src\EntityEnemy.cpp(639,41): warning C4244: 'argumento': conversión de 'double' a 'float'; posible pérdida de datos
C:\Users\batch_nps7xwz\Documents\GitHub\TJE-3D\TJE_framework_2020\src\EntityEnemy.cpp(648,41): warning C4244: 'argumento': conversión de 'double' a 'float'; posible pérdida de datos
C:\Users\batch_nps7xwz\Documents\GitHub\TJE-3D\TJE_framework_2020\src\EntityEnemy.cpp(678,41): warning C4244: 'argumento': conversión de 'double' a 'float'; posible pérdida de datos
C:\Users\batch_nps7xwz\Documents\GitHub\TJE-3D\TJE_framework_2020\src\EntityEnemy.cpp(687,41): warning C4244: 'argumento': conversión de 'double' a 'float'; posible pérdida de datos
C:\Users\batch_nps7xwz\Documents\GitHub\TJE-3D\TJE_framework_2020\src\EntityEnemy.cpp(732,55): warning C4305: 'argumento': truncamiento de 'double' a 'float'
C:\Users\batch_nps7xwz\Documents\GitHub\TJE-3D\TJE_framework_2020\src\EntityEnemy.cpp(858,60): warning C4305: 'argumento': truncamiento de 'double' a 'float'
C:\Users\batch_nps7xwz\Documents\GitHub\TJE-3D\TJE_framework_2020\src\EntityEnemy.cpp(861,20): warning C4018: '<': no coinciden signed/unsigned
C:\Users\batch_nps7xwz\Documents\GitHub\TJE-3D\TJE_framework_2020\src\EntityEnemy.cpp(881,6): warning C4305: 'argumento': truncamiento de 'double' a 'float'
C:\Users\batch_nps7xwz\Documents\GitHub\TJE-3D\TJE_framework_2020\src\EntityEnemy.cpp(974,20): warning C4018: '<': no coinciden signed/unsigned
C:\Users\batch_nps7xwz\Documents\GitHub\TJE-3D\TJE_framework_2020\src\EntityEnemy.cpp(981,8): warning C4305: 'argumento': truncamiento de 'double' a 'float'
     Creando biblioteca ..\..\game.lib y objeto ..\..\game.exp
LINK : warning LNK4098: la biblioteca predeterminada'LIBCMT' entra en conflicto con otras bibliotecas; use la biblioteca /NODEFAULTLIB:biblioteca
  Generando código
  2 of 3265 functions (<0.1%) were compiled, the rest were copied from previous compilation.
    0 functions were new in current compilation
    19 functions had inline decision re-evaluated but remain unchanged
  Generación de código finalizada
  visualstudio.vcxproj -> C:\Users\batch_nps7xwz\Documents\GitHub\TJE-3D\TJE_framework_2020\visualstudio\VS2015\..\..\game.exe
